Mon Jan 16 22:45:51 CST 2017  [debug] AvalonLogSystem initialized using logfile 'F:\ccCodes\.metadata\.plugins\com.genuitec.eclipse.templates\velocity.log'
Mon Jan 16 22:45:51 CST 2017   [info] ************************************************************** 
Mon Jan 16 22:45:51 CST 2017   [info] Starting Jakarta Velocity v1.4
Mon Jan 16 22:45:51 CST 2017   [info] RuntimeInstance initializing.
Mon Jan 16 22:45:51 CST 2017   [info] Default Properties File: org\apache\velocity\runtime\defaults\velocity.properties
Mon Jan 16 22:45:51 CST 2017   [info] Trying to use logger class org.apache.velocity.runtime.log.AvalonLogSystem
Mon Jan 16 22:45:51 CST 2017   [info] Using logger class org.apache.velocity.runtime.log.AvalonLogSystem
Mon Jan 16 22:45:51 CST 2017   [info] Default ResourceManager initializing. (class org.apache.velocity.runtime.resource.ResourceManagerImpl)
Mon Jan 16 22:45:51 CST 2017   [info] Resource Loader Instantiated: com.genuitec.eclipse.templates.internal.PluginResourceLoader
Mon Jan 16 22:45:51 CST 2017   [info] ResourceCache : initialized. (class org.apache.velocity.runtime.resource.ResourceCacheImpl)
Mon Jan 16 22:45:51 CST 2017   [info] Default ResourceManager initialization complete.
Mon Jan 16 22:45:51 CST 2017   [info] Loaded System Directive: org.apache.velocity.runtime.directive.Literal
Mon Jan 16 22:45:51 CST 2017   [info] Loaded System Directive: org.apache.velocity.runtime.directive.Macro
Mon Jan 16 22:45:51 CST 2017   [info] Loaded System Directive: org.apache.velocity.runtime.directive.Parse
Mon Jan 16 22:45:51 CST 2017   [info] Loaded System Directive: org.apache.velocity.runtime.directive.Include
Mon Jan 16 22:45:51 CST 2017   [info] Loaded System Directive: org.apache.velocity.runtime.directive.Foreach
Mon Jan 16 22:45:51 CST 2017   [info] Created: 20 parsers.
Mon Jan 16 22:45:51 CST 2017   [info] Velocimacro : initialization starting.
Mon Jan 16 22:45:51 CST 2017   [info] Velocimacro : adding VMs from VM library template : VM_global_library.vm
Mon Jan 16 22:45:51 CST 2017   [info] ResourceManager : found VM_global_library.vm with loader com.genuitec.eclipse.templates.internal.PluginResourceLoader
Mon Jan 16 22:45:51 CST 2017   [info] Velocimacro :  VM library template macro registration complete.
Mon Jan 16 22:45:51 CST 2017   [info] Velocimacro : allowInline = true : VMs can be defined inline in templates
Mon Jan 16 22:45:51 CST 2017   [info] Velocimacro : allowInlineToOverride = true : VMs defined inline may replace previous VM definitions
Mon Jan 16 22:45:51 CST 2017   [info] Velocimacro : allowInlineLocal = true : VMs defined inline will be local to their defining template only.
Mon Jan 16 22:45:51 CST 2017   [info] Velocimacro : messages on  : VM system will output logging messages
Mon Jan 16 22:45:51 CST 2017   [info] Velocimacro : autoload off  : VM system will not automatically reload global library macros
Mon Jan 16 22:45:51 CST 2017   [info] Velocimacro : initialization complete.
Mon Jan 16 22:45:51 CST 2017   [info] Velocity successfully started.
Mon Jan 16 22:45:51 CST 2017   [info] ResourceManager : found /templates/velocity/welcome/Jsp.vtl with loader com.genuitec.eclipse.templates.internal.PluginResourceLoader
